<?xml version="1.0" encoding="UTF-8"?>
<!-- Generated by org.testng.reporters.JUnitXMLReporter -->
<testsuite ignored="0" hostname="LTIN168041" failures="0" tests="8" name="Default test" time="0.344" errors="0" timestamp="2024-02-13T16:33:23 IST">
  <testcase classname="TestBase.BaseClass" name="@BeforeClass setUp" time="-1.707822202839E9">
    <failure type="org.testng.TestNGException" message="
Parameter &amp;apos;browser&amp;apos; is required by BeforeClass on method setUp but has not been marked @Optional or defined
in C:\Users\2303822\AppData\Local\Temp\1\testng-eclipse--892544058\testng-customsuite.xml">
      <![CDATA[org.testng.TestNGException: 
Parameter 'browser' is required by BeforeClass on method setUp but has not been marked @Optional or defined
in C:\Users\2303822\AppData\Local\Temp\1\testng-eclipse--892544058\testng-customsuite.xml
at org.testng.internal.Parameters.createParams(Parameters.java:270)
at org.testng.internal.Parameters.createParametersForMethod(Parameters.java:358)
at org.testng.internal.Parameters.createParameters(Parameters.java:700)
at org.testng.internal.Parameters.createConfigurationParameters(Parameters.java:168)
at org.testng.internal.ConfigInvoker.invokeConfigurations(ConfigInvoker.java:302)
at org.testng.internal.TestMethodWorker.invokeBeforeClassMethods(TestMethodWorker.java:176)
at org.testng.internal.TestMethodWorker.run(TestMethodWorker.java:122)
at java.base/java.util.ArrayList.forEach(ArrayList.java:1511)
at org.testng.TestRunner.privateRun(TestRunner.java:794)
at org.testng.TestRunner.run(TestRunner.java:596)
at org.testng.SuiteRunner.runTest(SuiteRunner.java:377)
at org.testng.SuiteRunner.runSequentially(SuiteRunner.java:371)
at org.testng.SuiteRunner.privateRun(SuiteRunner.java:332)
at org.testng.SuiteRunner.run(SuiteRunner.java:276)
at org.testng.SuiteRunnerWorker.runSuite(SuiteRunnerWorker.java:53)
at org.testng.SuiteRunnerWorker.run(SuiteRunnerWorker.java:96)
at org.testng.TestNG.runSuitesSequentially(TestNG.java:1212)
at org.testng.TestNG.runSuitesLocally(TestNG.java:1134)
at org.testng.TestNG.runSuites(TestNG.java:1063)
at org.testng.TestNG.run(TestNG.java:1031)
at org.testng.remote.AbstractRemoteTestNG.run(AbstractRemoteTestNG.java:115)
at org.testng.remote.RemoteTestNG.initAndRun(RemoteTestNG.java:251)
at org.testng.remote.RemoteTestNG.main(RemoteTestNG.java:77)
]]>
    </failure>
  </testcase> <!-- @BeforeClass setUp -->
  <testcase classname="TestBase.BaseClass" name="@AfterClass tearDown" time="-1.707822203116E9">
    <skipped/>
  </testcase> <!-- @AfterClass tearDown -->
  <testcase classname="testCases.Tc_001_homePageTest" name="verify_home_page" time="0.0">
    <skipped/>
  </testcase> <!-- verify_home_page -->
  <testcase classname="testCases.Tc_001_homePageTest" name="verify_around_cognizant" time="0.0">
    <skipped/>
  </testcase> <!-- verify_around_cognizant -->
  <testcase classname="testCases.Tc_001_homePageTest" name="writeData" time="0.0">
    <skipped/>
  </testcase> <!-- writeData -->
  <testcase classname="testCases.Tc_001_homePageTest" name="getTool_Tip" time="0.0">
    <skipped/>
  </testcase> <!-- getTool_Tip -->
  <testcase classname="testCases.Tc_001_homePageTest" name="click_seeAll" time="0.0">
    <skipped/>
  </testcase> <!-- click_seeAll -->
  <testcase classname="testCases.Tc_001_homePageTest" name="second_page_header" time="0.0">
    <skipped/>
  </testcase> <!-- second_page_header -->
  <testcase classname="testCases.Tc_001_homePageTest" name="header_verification" time="0.0">
    <skipped/>
  </testcase> <!-- header_verification -->
  <testcase classname="testCases.Tc_001_homePageTest" name="news" time="0.0">
    <skipped/>
  </testcase> <!-- news -->
</testsuite> <!-- Default test -->
